\BOOKMARK [0][-]{chapter.1}{\376\377\000F\000i\000l\000e\000\040\000I\000n\000d\000e\000x}{}% 1
\BOOKMARK [1][-]{section.1.1}{\376\377\000F\000i\000l\000e\000\040\000L\000i\000s\000t}{chapter.1}% 2
\BOOKMARK [0][-]{chapter.2}{\376\377\000F\000i\000l\000e\000\040\000D\000o\000c\000u\000m\000e\000n\000t\000a\000t\000i\000o\000n}{}% 3
\BOOKMARK [1][-]{section.2.1}{\376\377\000d\000e\000f\000i\000n\000e\000s\000.\000h\000\040\000F\000i\000l\000e\000\040\000R\000e\000f\000e\000r\000e\000n\000c\000e}{chapter.2}% 4
\BOOKMARK [2][-]{subsection.2.1.1}{\376\377\000D\000e\000f\000i\000n\000e\000\040\000D\000o\000c\000u\000m\000e\000n\000t\000a\000t\000i\000o\000n}{section.2.1}% 5
\BOOKMARK [3][-]{subsubsection.2.1.1.1}{\376\377\000A\000L\000T\000E\000R}{subsection.2.1.1}% 6
\BOOKMARK [3][-]{subsubsection.2.1.1.2}{\376\377\000B\000L\000A\000C\000K}{subsection.2.1.1}% 7
\BOOKMARK [3][-]{subsubsection.2.1.1.3}{\376\377\000B\000L\000U\000E}{subsection.2.1.1}% 8
\BOOKMARK [3][-]{subsubsection.2.1.1.4}{\376\377\000C\000A\000L\000I\000B\000R\000A\000T\000E}{subsection.2.1.1}% 9
\BOOKMARK [3][-]{subsubsection.2.1.1.5}{\376\377\000C\000O\000R\000N\000E\000R}{subsection.2.1.1}% 10
\BOOKMARK [3][-]{subsubsection.2.1.1.6}{\376\377\000E\000A\000S\000T}{subsection.2.1.1}% 11
\BOOKMARK [3][-]{subsubsection.2.1.1.7}{\376\377\000F\000I\000N\000I\000S\000H\000E\000D}{subsection.2.1.1}% 12
\BOOKMARK [3][-]{subsubsection.2.1.1.8}{\376\377\000F\000O\000L\000L\000O\000W}{subsection.2.1.1}% 13
\BOOKMARK [3][-]{subsubsection.2.1.1.9}{\376\377\000F\000O\000L\000L\000O\000W\000\137\000L\000E\000F\000T}{subsection.2.1.1}% 14
\BOOKMARK [3][-]{subsubsection.2.1.1.10}{\376\377\000F\000O\000L\000L\000O\000W\000\137\000L\000I\000N\000E}{subsection.2.1.1}% 15
\BOOKMARK [3][-]{subsubsection.2.1.1.11}{\376\377\000F\000O\000L\000L\000O\000W\000\137\000R\000I\000G\000H\000T}{subsection.2.1.1}% 16
\BOOKMARK [3][-]{subsubsection.2.1.1.12}{\376\377\000F\000O\000R\000W\000A\000R\000D}{subsection.2.1.1}% 17
\BOOKMARK [3][-]{subsubsection.2.1.1.13}{\376\377\000G\000R\000E\000E\000N}{subsection.2.1.1}% 18
\BOOKMARK [3][-]{subsubsection.2.1.1.14}{\376\377\000L\000E\000F\000T}{subsection.2.1.1}% 19
\BOOKMARK [3][-]{subsubsection.2.1.1.15}{\376\377\000L\000I\000G\000H\000T\000\137\000B\000L\000U\000E}{subsection.2.1.1}% 20
\BOOKMARK [3][-]{subsubsection.2.1.1.16}{\376\377\000L\000I\000G\000H\000T\000\137\000P\000O\000R\000T}{subsection.2.1.1}% 21
\BOOKMARK [3][-]{subsubsection.2.1.1.17}{\376\377\000M\000O\000T\000O\000R\000\137\000L\000E\000F\000T}{subsection.2.1.1}% 22
\BOOKMARK [3][-]{subsubsection.2.1.1.18}{\376\377\000M\000O\000T\000O\000R\000\137\000R\000I\000G\000H\000T}{subsection.2.1.1}% 23
\BOOKMARK [3][-]{subsubsection.2.1.1.19}{\376\377\000N\000O\000R\000T\000H}{subsection.2.1.1}% 24
\BOOKMARK [3][-]{subsubsection.2.1.1.20}{\376\377\000N\000U\000M\000\137\000C\000O\000L\000O\000R\000S}{subsection.2.1.1}% 25
\BOOKMARK [3][-]{subsubsection.2.1.1.21}{\376\377\000P\000A\000U\000S\000E\000D}{subsection.2.1.1}% 26
\BOOKMARK [3][-]{subsubsection.2.1.1.22}{\376\377\000R\000A\000N\000D\000\137\000M\000A\000X}{subsection.2.1.1}% 27
\BOOKMARK [3][-]{subsubsection.2.1.1.23}{\376\377\000R\000E\000D}{subsection.2.1.1}% 28
\BOOKMARK [3][-]{subsubsection.2.1.1.24}{\376\377\000R\000I\000G\000H\000T}{subsection.2.1.1}% 29
\BOOKMARK [3][-]{subsubsection.2.1.1.25}{\376\377\000S\000E\000A\000R\000C\000H}{subsection.2.1.1}% 30
\BOOKMARK [3][-]{subsubsection.2.1.1.26}{\376\377\000S\000E\000A\000R\000C\000H\000\137\000C\000O\000R\000N\000E\000R}{subsection.2.1.1}% 31
\BOOKMARK [3][-]{subsubsection.2.1.1.27}{\376\377\000S\000O\000U\000T\000H}{subsection.2.1.1}% 32
\BOOKMARK [3][-]{subsubsection.2.1.1.28}{\376\377\000S\000T\000A\000R\000T}{subsection.2.1.1}% 33
\BOOKMARK [3][-]{subsubsection.2.1.1.29}{\376\377\000S\000W\000I\000T\000C\000H\000\137\000W\000A\000I\000T}{subsection.2.1.1}% 34
\BOOKMARK [3][-]{subsubsection.2.1.1.30}{\376\377\000T\000E\000S\000T}{subsection.2.1.1}% 35
\BOOKMARK [3][-]{subsubsection.2.1.1.31}{\376\377\000T\000U\000R\000N}{subsection.2.1.1}% 36
\BOOKMARK [3][-]{subsubsection.2.1.1.32}{\376\377\000U\000N\000K\000N\000O\000W\000N}{subsection.2.1.1}% 37
\BOOKMARK [3][-]{subsubsection.2.1.1.33}{\376\377\000U\000N\000S\000U\000R\000E}{subsection.2.1.1}% 38
\BOOKMARK [3][-]{subsubsection.2.1.1.34}{\376\377\000W\000E\000S\000T}{subsection.2.1.1}% 39
\BOOKMARK [3][-]{subsubsection.2.1.1.35}{\376\377\000W\000H\000I\000T\000E}{subsection.2.1.1}% 40
\BOOKMARK [3][-]{subsubsection.2.1.1.36}{\376\377\000Y\000E\000L\000L\000O\000W}{subsection.2.1.1}% 41
\BOOKMARK [1][-]{section.2.2}{\376\377\000f\000u\000n\000c\000t\000i\000o\000n\000s\000.\000c\000\040\000F\000i\000l\000e\000\040\000R\000e\000f\000e\000r\000e\000n\000c\000e}{chapter.2}% 42
\BOOKMARK [2][-]{subsection.2.2.1}{\376\377\000F\000u\000n\000c\000t\000i\000o\000n\000\040\000D\000o\000c\000u\000m\000e\000n\000t\000a\000t\000i\000o\000n}{section.2.2}% 43
\BOOKMARK [3][-]{subsubsection.2.2.1.1}{\376\377\000c\000h\000a\000n\000g\000e\000\137\000p\000o\000s\000i\000t\000i\000o\000n}{subsection.2.2.1}% 44
\BOOKMARK [3][-]{subsubsection.2.2.1.2}{\376\377\000c\000h\000e\000c\000k\000\137\000c\000o\000l\000o\000r}{subsection.2.2.1}% 45
\BOOKMARK [3][-]{subsubsection.2.2.1.3}{\376\377\000q\000u\000e\000r\000y\000\137\000t\000u\000r\000n}{subsection.2.2.1}% 46
\BOOKMARK [3][-]{subsubsection.2.2.1.4}{\376\377\000r\000o\000b\000o\000t\000\137\000f\000o\000l\000l\000o\000w}{subsection.2.2.1}% 47
\BOOKMARK [3][-]{subsubsection.2.2.1.5}{\376\377\000s\000e\000t\000\137\000b\000o\000t\000h\000\137\000m\000o\000t\000o\000r\000\137\000s\000p\000e\000e\000d}{subsection.2.2.1}% 48
\BOOKMARK [3][-]{subsubsection.2.2.1.6}{\376\377\000s\000e\000t\000\137\000m\000o\000t\000o\000r\000\137\000t\000h\000r\000e\000s\000h\000o\000l\000d}{subsection.2.2.1}% 49
\BOOKMARK [1][-]{section.2.3}{\376\377\000f\000u\000n\000c\000t\000i\000o\000n\000s\000.\000h\000\040\000F\000i\000l\000e\000\040\000R\000e\000f\000e\000r\000e\000n\000c\000e}{chapter.2}% 50
\BOOKMARK [2][-]{subsection.2.3.1}{\376\377\000F\000u\000n\000c\000t\000i\000o\000n\000\040\000D\000o\000c\000u\000m\000e\000n\000t\000a\000t\000i\000o\000n}{section.2.3}% 51
\BOOKMARK [3][-]{subsubsection.2.3.1.1}{\376\377\000c\000h\000a\000n\000g\000e\000\137\000p\000o\000s\000i\000t\000i\000o\000n}{subsection.2.3.1}% 52
\BOOKMARK [3][-]{subsubsection.2.3.1.2}{\376\377\000c\000h\000e\000c\000k\000\137\000c\000o\000l\000o\000r}{subsection.2.3.1}% 53
\BOOKMARK [3][-]{subsubsection.2.3.1.3}{\376\377\000q\000u\000e\000r\000y\000\137\000t\000u\000r\000n}{subsection.2.3.1}% 54
\BOOKMARK [3][-]{subsubsection.2.3.1.4}{\376\377\000r\000o\000b\000o\000t\000\137\000f\000o\000l\000l\000o\000w}{subsection.2.3.1}% 55
\BOOKMARK [3][-]{subsubsection.2.3.1.5}{\376\377\000s\000e\000t\000\137\000b\000o\000t\000h\000\137\000m\000o\000t\000o\000r\000\137\000s\000p\000e\000e\000d}{subsection.2.3.1}% 56
\BOOKMARK [3][-]{subsubsection.2.3.1.6}{\376\377\000s\000e\000t\000\137\000m\000o\000t\000o\000r\000\137\000t\000h\000r\000e\000s\000h\000o\000l\000d}{subsection.2.3.1}% 57
\BOOKMARK [2][-]{subsection.2.3.2}{\376\377\000V\000a\000r\000i\000a\000b\000l\000e\000\040\000D\000o\000c\000u\000m\000e\000n\000t\000a\000t\000i\000o\000n}{section.2.3}% 58
\BOOKMARK [3][-]{subsubsection.2.3.2.1}{\376\377\000c\000h\000e\000c\000k\000e\000d}{subsection.2.3.2}% 59
\BOOKMARK [3][-]{subsubsection.2.3.2.2}{\376\377\000c\000o\000l\000o\000r}{subsection.2.3.2}% 60
\BOOKMARK [3][-]{subsubsection.2.3.2.3}{\376\377\000c\000o\000l\000o\000r\000C\000a\000l}{subsection.2.3.2}% 61
\BOOKMARK [3][-]{subsubsection.2.3.2.4}{\376\377\000m\000a\000k\000e\000\137\000t\000u\000r\000n}{subsection.2.3.2}% 62
\BOOKMARK [3][-]{subsubsection.2.3.2.5}{\376\377\000m\000a\000p}{subsection.2.3.2}% 63
\BOOKMARK [3][-]{subsubsection.2.3.2.6}{\376\377\000m\000o\000t\000o\000r\000\137\000l\000e\000f\000t}{subsection.2.3.2}% 64
\BOOKMARK [3][-]{subsubsection.2.3.2.7}{\376\377\000m\000o\000t\000o\000r\000\137\000r\000i\000g\000h\000t}{subsection.2.3.2}% 65
\BOOKMARK [3][-]{subsubsection.2.3.2.8}{\376\377\000o\000l\000d\000\137\000c\000o\000l\000o\000r}{subsection.2.3.2}% 66
\BOOKMARK [3][-]{subsubsection.2.3.2.9}{\376\377\000o\000r\000i\000e\000n\000t\000a\000t\000i\000o\000n}{subsection.2.3.2}% 67
\BOOKMARK [3][-]{subsubsection.2.3.2.10}{\376\377\000x\000\137\000p\000o\000s\000i\000t\000i\000o\000n}{subsection.2.3.2}% 68
\BOOKMARK [3][-]{subsubsection.2.3.2.11}{\376\377\000y\000\137\000p\000o\000s\000i\000t\000i\000o\000n}{subsection.2.3.2}% 69
\BOOKMARK [1][-]{section.2.4}{\376\377\000k\000e\000r\000n\000e\000l\000\137\000c\000f\000g\000.\000c\000\040\000F\000i\000l\000e\000\040\000R\000e\000f\000e\000r\000e\000n\000c\000e}{chapter.2}% 70
\BOOKMARK [2][-]{subsection.2.4.1}{\376\377\000D\000e\000f\000i\000n\000e\000\040\000D\000o\000c\000u\000m\000e\000n\000t\000a\000t\000i\000o\000n}{section.2.4}% 71
\BOOKMARK [3][-]{subsubsection.2.4.1.1}{\376\377\000\137\000\137\000S\000T\000K\000\137\000U\000N\000I\000T}{subsection.2.4.1}% 72
\BOOKMARK [3][-]{subsubsection.2.4.1.2}{\376\377\000\137\000\137\000T\000C\000O\000U\000N\000T\000\137\000S\000T\000K\000\137\000U\000N\000I\000T}{subsection.2.4.1}% 73
\BOOKMARK [3][-]{subsubsection.2.4.1.3}{\376\377\000I\000P\000L\000\137\000M\000A\000X\000I\000S\000R\0002}{subsection.2.4.1}% 74
\BOOKMARK [3][-]{subsubsection.2.4.1.4}{\376\377\000T\000N\000U\000M\000\137\000A\000L\000A\000R\000M}{subsection.2.4.1}% 75
\BOOKMARK [3][-]{subsubsection.2.4.1.5}{\376\377\000T\000N\000U\000M\000\137\000C\000O\000U\000N\000T\000E\000R}{subsection.2.4.1}% 76
\BOOKMARK [3][-]{subsubsection.2.4.1.6}{\376\377\000T\000N\000U\000M\000\137\000E\000X\000T\000T\000A\000S\000K}{subsection.2.4.1}% 77
\BOOKMARK [3][-]{subsubsection.2.4.1.7}{\376\377\000T\000N\000U\000M\000\137\000I\000S\000R\0002}{subsection.2.4.1}% 78
\BOOKMARK [3][-]{subsubsection.2.4.1.8}{\376\377\000T\000N\000U\000M\000\137\000R\000E\000S\000O\000U\000R\000C\000E}{subsection.2.4.1}% 79
\BOOKMARK [3][-]{subsubsection.2.4.1.9}{\376\377\000T\000N\000U\000M\000\137\000T\000A\000S\000K}{subsection.2.4.1}% 80
\BOOKMARK [2][-]{subsection.2.4.2}{\376\377\000F\000u\000n\000c\000t\000i\000o\000n\000\040\000D\000o\000c\000u\000m\000e\000n\000t\000a\000t\000i\000o\000n}{section.2.4}% 81
\BOOKMARK [3][-]{subsubsection.2.4.2.1}{\376\377\000\137\000a\000c\000t\000i\000v\000a\000t\000e\000\137\000a\000l\000a\000r\000m\000\137\000c\000y\000c\000l\000i\000c\000\137\000a\000l\000a\000r\000m\000\137\000M\000a\000n\000a\000g\000e\000S\000t\000a\000t\000e}{subsection.2.4.2}% 82
\BOOKMARK [3][-]{subsubsection.2.4.2.2}{\376\377\000\137\000a\000c\000t\000i\000v\000a\000t\000e\000\137\000a\000l\000a\000r\000m\000\137\000c\000y\000c\000l\000i\000c\000\137\000a\000l\000a\000r\000m\000\137\000R\000e\000a\000d\000B\000u\000t\000t\000o\000n\000s}{subsection.2.4.2}% 83
\BOOKMARK [3][-]{subsubsection.2.4.2.3}{\376\377\000\137\000a\000c\000t\000i\000v\000a\000t\000e\000\137\000a\000l\000a\000r\000m\000\137\000c\000y\000c\000l\000i\000c\000\137\000a\000l\000a\000r\000m\000\137\000R\000e\000a\000d\000C\000o\000l\000o\000u\000r}{subsection.2.4.2}% 84
\BOOKMARK [3][-]{subsubsection.2.4.2.4}{\376\377\000D\000e\000c\000l\000a\000r\000e\000T\000a\000s\000k}{subsection.2.4.2}% 85
\BOOKMARK [3][-]{subsubsection.2.4.2.5}{\376\377\000D\000e\000c\000l\000a\000r\000e\000T\000a\000s\000k}{subsection.2.4.2}% 86
\BOOKMARK [3][-]{subsubsection.2.4.2.6}{\376\377\000D\000e\000c\000l\000a\000r\000e\000T\000a\000s\000k}{subsection.2.4.2}% 87
\BOOKMARK [3][-]{subsubsection.2.4.2.7}{\376\377\000D\000E\000F\000I\000N\000E\000\137\000C\000T\000X\000B}{subsection.2.4.2}% 88
\BOOKMARK [3][-]{subsubsection.2.4.2.8}{\376\377\000M\000a\000n\000a\000g\000e\000S\000t\000a\000t\000e}{subsection.2.4.2}% 89
\BOOKMARK [3][-]{subsubsection.2.4.2.9}{\376\377\000o\000b\000j\000e\000c\000t\000\137\000i\000n\000i\000t\000i\000a\000l\000i\000z\000e}{subsection.2.4.2}% 90
\BOOKMARK [3][-]{subsubsection.2.4.2.10}{\376\377\000R\000e\000a\000d\000B\000u\000t\000t\000o\000n\000s}{subsection.2.4.2}% 91
\BOOKMARK [3][-]{subsubsection.2.4.2.11}{\376\377\000R\000e\000a\000d\000C\000o\000l\000o\000u\000r}{subsection.2.4.2}% 92
\BOOKMARK [2][-]{subsection.2.4.3}{\376\377\000V\000a\000r\000i\000a\000b\000l\000e\000\040\000D\000o\000c\000u\000m\000e\000n\000t\000a\000t\000i\000o\000n}{section.2.4}% 93
\BOOKMARK [3][-]{subsubsection.2.4.3.1}{\376\377\000\137\000s\000t\000a\000c\000k\000\137\000M\000a\000n\000a\000g\000e\000S\000t\000a\000t\000e}{subsection.2.4.3}% 94
\BOOKMARK [3][-]{subsubsection.2.4.3.2}{\376\377\000\137\000s\000t\000a\000c\000k\000\137\000R\000e\000a\000d\000B\000u\000t\000t\000o\000n\000s}{subsection.2.4.3}% 95
\BOOKMARK [3][-]{subsubsection.2.4.3.3}{\376\377\000\137\000s\000t\000a\000c\000k\000\137\000R\000e\000a\000d\000C\000o\000l\000o\000u\000r}{subsection.2.4.3}% 96
\BOOKMARK [3][-]{subsubsection.2.4.3.4}{\376\377\000a\000l\000m\000c\000b\000\137\000a\000l\000m\000v\000a\000l}{subsection.2.4.3}% 97
\BOOKMARK [3][-]{subsubsection.2.4.3.5}{\376\377\000a\000l\000m\000c\000b\000\137\000c\000y\000c\000l\000e}{subsection.2.4.3}% 98
\BOOKMARK [3][-]{subsubsection.2.4.3.6}{\376\377\000a\000l\000m\000c\000b\000\137\000n\000e\000x\000t}{subsection.2.4.3}% 99
\BOOKMARK [3][-]{subsubsection.2.4.3.7}{\376\377\000a\000l\000m\000c\000b\000\137\000p\000r\000e\000v}{subsection.2.4.3}% 100
\BOOKMARK [3][-]{subsubsection.2.4.3.8}{\376\377\000a\000l\000m\000i\000n\000i\000b\000\137\000a\000l\000m\000v\000a\000l}{subsection.2.4.3}% 101
\BOOKMARK [3][-]{subsubsection.2.4.3.9}{\376\377\000a\000l\000m\000i\000n\000i\000b\000\137\000a\000u\000t\000o\000s\000t\000a}{subsection.2.4.3}% 102
\BOOKMARK [3][-]{subsubsection.2.4.3.10}{\376\377\000a\000l\000m\000i\000n\000i\000b\000\137\000c\000b\000a\000c\000k}{subsection.2.4.3}% 103
\BOOKMARK [3][-]{subsubsection.2.4.3.11}{\376\377\000a\000l\000m\000i\000n\000i\000b\000\137\000c\000n\000t\000i\000d}{subsection.2.4.3}% 104
\BOOKMARK [3][-]{subsubsection.2.4.3.12}{\376\377\000a\000l\000m\000i\000n\000i\000b\000\137\000c\000y\000c\000l\000e}{subsection.2.4.3}% 105
\BOOKMARK [3][-]{subsubsection.2.4.3.13}{\376\377\000c\000n\000t\000c\000b\000\137\000a\000l\000m\000q\000u\000e}{subsection.2.4.3}% 106
\BOOKMARK [3][-]{subsubsection.2.4.3.14}{\376\377\000c\000n\000t\000c\000b\000\137\000c\000u\000r\000v\000a\000l}{subsection.2.4.3}% 107
\BOOKMARK [3][-]{subsubsection.2.4.3.15}{\376\377\000c\000n\000t\000i\000n\000i\000b\000\137\000m\000a\000x\000v\000a\000l}{subsection.2.4.3}% 108
\BOOKMARK [3][-]{subsubsection.2.4.3.16}{\376\377\000c\000n\000t\000i\000n\000i\000b\000\137\000m\000a\000x\000v\000a\000l\0002}{subsection.2.4.3}% 109
\BOOKMARK [3][-]{subsubsection.2.4.3.17}{\376\377\000c\000n\000t\000i\000n\000i\000b\000\137\000m\000i\000n\000c\000y\000c}{subsection.2.4.3}% 110
\BOOKMARK [3][-]{subsubsection.2.4.3.18}{\376\377\000c\000n\000t\000i\000n\000i\000b\000\137\000t\000i\000c\000k\000b\000a\000s\000e}{subsection.2.4.3}% 111
\BOOKMARK [3][-]{subsubsection.2.4.3.19}{\376\377\000c\000y\000c\000l\000i\000c\000\137\000a\000l\000a\000r\000m\000\137\000M\000a\000n\000a\000g\000e\000S\000t\000a\000t\000e}{subsection.2.4.3}% 112
\BOOKMARK [3][-]{subsubsection.2.4.3.20}{\376\377\000c\000y\000c\000l\000i\000c\000\137\000a\000l\000a\000r\000m\000\137\000R\000e\000a\000d\000B\000u\000t\000t\000o\000n\000s}{subsection.2.4.3}% 113
\BOOKMARK [3][-]{subsubsection.2.4.3.21}{\376\377\000c\000y\000c\000l\000i\000c\000\137\000a\000l\000a\000r\000m\000\137\000R\000e\000a\000d\000C\000o\000l\000o\000u\000r}{subsection.2.4.3}% 114
\BOOKMARK [3][-]{subsubsection.2.4.3.22}{\376\377\000i\000p\000l\000\137\000m\000a\000x\000i\000s\000r\0002}{subsection.2.4.3}% 115
\BOOKMARK [3][-]{subsubsection.2.4.3.23}{\376\377\000i\000s\000r\000c\000b\000\137\000l\000a\000s\000t\000r\000e\000s}{subsection.2.4.3}% 116
\BOOKMARK [3][-]{subsubsection.2.4.3.24}{\376\377\000i\000s\000r\000i\000n\000i\000b\000\137\000i\000n\000t\000p\000r\000i}{subsection.2.4.3}% 117
\BOOKMARK [3][-]{subsubsection.2.4.3.25}{\376\377\000M\000a\000n\000a\000g\000e\000S\000t\000a\000t\000e}{subsection.2.4.3}% 118
\BOOKMARK [3][-]{subsubsection.2.4.3.26}{\376\377\000R\000e\000a\000d\000B\000u\000t\000t\000o\000n\000s}{subsection.2.4.3}% 119
\BOOKMARK [3][-]{subsubsection.2.4.3.27}{\376\377\000R\000e\000a\000d\000C\000o\000l\000o\000u\000r}{subsection.2.4.3}% 120
\BOOKMARK [3][-]{subsubsection.2.4.3.28}{\376\377\000r\000e\000s\000c\000b\000\137\000p\000r\000e\000v\000p\000r\000i}{subsection.2.4.3}% 121
\BOOKMARK [3][-]{subsubsection.2.4.3.29}{\376\377\000r\000e\000s\000c\000b\000\137\000p\000r\000e\000v\000r\000e\000s}{subsection.2.4.3}% 122
\BOOKMARK [3][-]{subsubsection.2.4.3.30}{\376\377\000r\000e\000s\000i\000n\000i\000b\000\137\000c\000e\000i\000l\000p\000r\000i}{subsection.2.4.3}% 123
\BOOKMARK [3][-]{subsubsection.2.4.3.31}{\376\377\000S\000y\000s\000T\000i\000m\000e\000r\000C\000n\000t}{subsection.2.4.3}% 124
\BOOKMARK [3][-]{subsubsection.2.4.3.32}{\376\377\000t\000c\000b\000\137\000a\000c\000t\000c\000n\000t}{subsection.2.4.3}% 125
\BOOKMARK [3][-]{subsubsection.2.4.3.33}{\376\377\000t\000c\000b\000\137\000c\000u\000r\000e\000v\000t}{subsection.2.4.3}% 126
\BOOKMARK [3][-]{subsubsection.2.4.3.34}{\376\377\000t\000c\000b\000\137\000c\000u\000r\000p\000r\000i}{subsection.2.4.3}% 127
\BOOKMARK [3][-]{subsubsection.2.4.3.35}{\376\377\000t\000c\000b\000\137\000l\000a\000s\000t\000r\000e\000s}{subsection.2.4.3}% 128
\BOOKMARK [3][-]{subsubsection.2.4.3.36}{\376\377\000t\000c\000b\000\137\000n\000e\000x\000t}{subsection.2.4.3}% 129
\BOOKMARK [3][-]{subsubsection.2.4.3.37}{\376\377\000t\000c\000b\000\137\000t\000s\000t\000a\000t}{subsection.2.4.3}% 130
\BOOKMARK [3][-]{subsubsection.2.4.3.38}{\376\377\000t\000c\000b\000\137\000w\000a\000i\000e\000v\000t}{subsection.2.4.3}% 131
\BOOKMARK [3][-]{subsubsection.2.4.3.39}{\376\377\000t\000i\000n\000i\000b\000\137\000a\000u\000t\000o\000a\000c\000t}{subsection.2.4.3}% 132
\BOOKMARK [3][-]{subsubsection.2.4.3.40}{\376\377\000t\000i\000n\000i\000b\000\137\000e\000x\000e\000p\000r\000i}{subsection.2.4.3}% 133
\BOOKMARK [3][-]{subsubsection.2.4.3.41}{\376\377\000t\000i\000n\000i\000b\000\137\000i\000n\000i\000p\000r\000i}{subsection.2.4.3}% 134
\BOOKMARK [3][-]{subsubsection.2.4.3.42}{\376\377\000t\000i\000n\000i\000b\000\137\000m\000a\000x\000a\000c\000t}{subsection.2.4.3}% 135
\BOOKMARK [3][-]{subsubsection.2.4.3.43}{\376\377\000t\000i\000n\000i\000b\000\137\000s\000t\000k}{subsection.2.4.3}% 136
\BOOKMARK [3][-]{subsubsection.2.4.3.44}{\376\377\000t\000i\000n\000i\000b\000\137\000s\000t\000k\000s\000z}{subsection.2.4.3}% 137
\BOOKMARK [3][-]{subsubsection.2.4.3.45}{\376\377\000t\000i\000n\000i\000b\000\137\000t\000a\000s\000k}{subsection.2.4.3}% 138
\BOOKMARK [3][-]{subsubsection.2.4.3.46}{\376\377\000t\000n\000u\000m\000\137\000a\000l\000a\000r\000m}{subsection.2.4.3}% 139
\BOOKMARK [3][-]{subsubsection.2.4.3.47}{\376\377\000t\000n\000u\000m\000\137\000c\000o\000u\000n\000t\000e\000r}{subsection.2.4.3}% 140
\BOOKMARK [3][-]{subsubsection.2.4.3.48}{\376\377\000t\000n\000u\000m\000\137\000e\000x\000t\000t\000a\000s\000k}{subsection.2.4.3}% 141
\BOOKMARK [3][-]{subsubsection.2.4.3.49}{\376\377\000t\000n\000u\000m\000\137\000i\000s\000r\0002}{subsection.2.4.3}% 142
\BOOKMARK [3][-]{subsubsection.2.4.3.50}{\376\377\000t\000n\000u\000m\000\137\000r\000e\000s\000o\000u\000r\000c\000e}{subsection.2.4.3}% 143
\BOOKMARK [3][-]{subsubsection.2.4.3.51}{\376\377\000t\000n\000u\000m\000\137\000t\000a\000s\000k}{subsection.2.4.3}% 144
\BOOKMARK [1][-]{section.2.5}{\376\377\000k\000e\000r\000n\000e\000l\000\137\000i\000d\000.\000h\000\040\000F\000i\000l\000e\000\040\000R\000e\000f\000e\000r\000e\000n\000c\000e}{chapter.2}% 145
\BOOKMARK [2][-]{subsection.2.5.1}{\376\377\000D\000e\000f\000i\000n\000e\000\040\000D\000o\000c\000u\000m\000e\000n\000t\000a\000t\000i\000o\000n}{section.2.5}% 146
\BOOKMARK [3][-]{subsubsection.2.5.1.1}{\376\377\000a\000p\000p\000m\000o\000d\000e\0001}{subsection.2.5.1}% 147
\BOOKMARK [1][-]{section.2.6}{\376\377\000l\000i\000n\000e\000F\000o\000l\000l\000o\000w\000e\000r\000.\000c\000\040\000F\000i\000l\000e\000\040\000R\000e\000f\000e\000r\000e\000n\000c\000e}{chapter.2}% 148
\BOOKMARK [2][-]{subsection.2.6.1}{\376\377\000D\000e\000t\000a\000i\000l\000e\000d\000\040\000D\000e\000s\000c\000r\000i\000p\000t\000i\000o\000n}{section.2.6}% 149
\BOOKMARK [2][-]{subsection.2.6.2}{\376\377\000F\000u\000n\000c\000t\000i\000o\000n\000\040\000D\000o\000c\000u\000m\000e\000n\000t\000a\000t\000i\000o\000n}{section.2.6}% 150
\BOOKMARK [3][-]{subsubsection.2.6.2.1}{\376\377\000D\000e\000c\000l\000a\000r\000e\000C\000o\000u\000n\000t\000e\000r}{subsection.2.6.2}% 151
\BOOKMARK [3][-]{subsubsection.2.6.2.2}{\376\377\000D\000e\000c\000l\000a\000r\000e\000T\000a\000s\000k}{subsection.2.6.2}% 152
\BOOKMARK [3][-]{subsubsection.2.6.2.3}{\376\377\000D\000e\000c\000l\000a\000r\000e\000T\000a\000s\000k}{subsection.2.6.2}% 153
\BOOKMARK [3][-]{subsubsection.2.6.2.4}{\376\377\000D\000e\000c\000l\000a\000r\000e\000T\000a\000s\000k}{subsection.2.6.2}% 154
\BOOKMARK [3][-]{subsubsection.2.6.2.5}{\376\377\000e\000c\000r\000o\000b\000o\000t\000\137\000d\000e\000v\000i\000c\000e\000\137\000i\000n\000i\000t\000i\000a\000l\000i\000z\000e}{subsection.2.6.2}% 155
\BOOKMARK [3][-]{subsubsection.2.6.2.6}{\376\377\000e\000c\000r\000o\000b\000o\000t\000\137\000d\000e\000v\000i\000c\000e\000\137\000t\000e\000r\000m\000i\000n\000a\000t\000e}{subsection.2.6.2}% 156
\BOOKMARK [3][-]{subsubsection.2.6.2.7}{\376\377\000T\000A\000S\000K}{subsection.2.6.2}% 157
\BOOKMARK [3][-]{subsubsection.2.6.2.8}{\376\377\000T\000A\000S\000K}{subsection.2.6.2}% 158
\BOOKMARK [3][-]{subsubsection.2.6.2.9}{\376\377\000T\000A\000S\000K}{subsection.2.6.2}% 159
\BOOKMARK [3][-]{subsubsection.2.6.2.10}{\376\377\000u\000s\000e\000r\000\137\0001\000m\000s\000\137\000i\000s\000r\000\137\000t\000y\000p\000e\0002}{subsection.2.6.2}% 160
\BOOKMARK [1][-]{section.2.7}{\376\377\000l\000i\000n\000e\000F\000o\000l\000l\000o\000w\000e\000r\000.\000h\000\040\000F\000i\000l\000e\000\040\000R\000e\000f\000e\000r\000e\000n\000c\000e}{chapter.2}% 161
\BOOKMARK [2][-]{subsection.2.7.1}{\376\377\000V\000a\000r\000i\000a\000b\000l\000e\000\040\000D\000o\000c\000u\000m\000e\000n\000t\000a\000t\000i\000o\000n}{section.2.7}% 162
\BOOKMARK [3][-]{subsubsection.2.7.1.1}{\376\377\000b\000l\000a\000c\000k\000\137\000c\000o\000u\000n\000t}{subsection.2.7.1}% 163
\BOOKMARK [3][-]{subsubsection.2.7.1.2}{\376\377\000c\000h\000e\000c\000k\000e\000d}{subsection.2.7.1}% 164
\BOOKMARK [3][-]{subsubsection.2.7.1.3}{\376\377\000c\000o\000l\000o\000r}{subsection.2.7.1}% 165
\BOOKMARK [3][-]{subsubsection.2.7.1.4}{\376\377\000c\000o\000l\000o\000r\000\137\000c\000a\000l\000\137\000s\000t\000a\000t\000e}{subsection.2.7.1}% 166
\BOOKMARK [3][-]{subsubsection.2.7.1.5}{\376\377\000c\000o\000l\000o\000r\000C\000a\000l}{subsection.2.7.1}% 167
\BOOKMARK [3][-]{subsubsection.2.7.1.6}{\376\377\000e\000n\000t\000e\000r\000\137\000b\000u\000t\000t\000o\000n}{subsection.2.7.1}% 168
\BOOKMARK [3][-]{subsubsection.2.7.1.7}{\376\377\000l\000i\000n\000e\000\137\000f\000o\000u\000n\000d}{subsection.2.7.1}% 169
\BOOKMARK [3][-]{subsubsection.2.7.1.8}{\376\377\000l\000i\000n\000e\000\137\000s\000i\000d\000e}{subsection.2.7.1}% 170
\BOOKMARK [3][-]{subsubsection.2.7.1.9}{\376\377\000m\000a\000k\000e\000\137\000t\000u\000r\000n}{subsection.2.7.1}% 171
\BOOKMARK [3][-]{subsubsection.2.7.1.10}{\376\377\000o\000l\000d\000\137\000c\000o\000l\000o\000r}{subsection.2.7.1}% 172
\BOOKMARK [3][-]{subsubsection.2.7.1.11}{\376\377\000r\000a\000n\000d\000o\000m}{subsection.2.7.1}% 173
\BOOKMARK [3][-]{subsubsection.2.7.1.12}{\376\377\000r\000u\000n\000\137\000b\000u\000t\000t\000o\000n}{subsection.2.7.1}% 174
\BOOKMARK [3][-]{subsubsection.2.7.1.13}{\376\377\000s\000e\000a\000r\000c\000h\000\137\000t\000i\000m\000e}{subsection.2.7.1}% 175
\BOOKMARK [3][-]{subsubsection.2.7.1.14}{\376\377\000s\000t\000a\000t\000e}{subsection.2.7.1}% 176
